Build started 6/29/2015 1:36:19 PM.
     1>Project "C:\Users\Master\Desktop\SharpView\SharpView_Experiment\SharpView_Experiment.vcxproj" on node 2 (build target(s)).
     1>InitializeBuildStatus:
         Touching "Release\SharpView_Experiment.unsuccessfulbuild".
       ClCompile:
         c:\Program Files (x86)\Microsoft Visual Studio 10.0\VC\bin\CL.exe /c /Zi /nologo /W3 /WX- /O2 /Oi /Oy- /GL /D _MBCS /Gm- /EHsc /MD /GS /Gy /fp:precise /Zc:wchar_t /Zc:forScope /Fo"Release\\" /Fd"Release\vc100.pdb" /Gd /TP /analyze- /errorReport:prompt SharpView_Experiment.cpp
         SharpView_Experiment.cpp
     1>c:\users\master\desktop\sharpview\sharpview_experiment\OpenCVFilter.h(34): warning C4244: 'return' : conversion from 'double' to 'float', possible loss of data
         Note: including lib: glut32.lib
         
     1>c:\Program Files (x86)\Microsoft Visual Studio 10.0\VC\include\utility(163): warning C4244: 'initializing' : conversion from 'double' to 'float', possible loss of data
                 c:\Program Files (x86)\Microsoft Visual Studio 10.0\VC\include\utility(247) : see reference to function template instantiation 'std::_Pair_base<_Ty1,_Ty2>::_Pair_base<_Ty,double>(_Other1 &&,_Other2 &&)' being compiled
                 with
                 [
                     _Ty1=float,
                     _Ty2=float,
                     _Ty=float,
                     _Other1=float,
                     _Other2=double
                 ]
                 SharpView_Experiment.cpp(205) : see reference to function template instantiation 'std::pair<_Ty1,_Ty2>::pair<float,double>(_Other1 &&,_Other2 &&)' being compiled
                 with
                 [
                     _Ty1=float,
                     _Ty2=float,
                     _Other1=float,
                     _Other2=double
                 ]
       Link:
         c:\Program Files (x86)\Microsoft Visual Studio 10.0\VC\bin\link.exe /ERRORREPORT:PROMPT /OUT:"C:\Users\Master\Desktop\SharpView\SharpView_Experiment\Release\SharpView_Experiment.exe" /NOLOGO GLSL.lib opencv_objdetect249.lib opencv_calib3d249.lib opencv_imgproc249.lib opencv_highgui249.lib opencv_core249.lib "libzmq-v100-mt-4_0_4.lib" glui32.lib glut32.lib glfw3dll.lib glfw3.lib glew32s.lib kernel32.lib user32.lib gdi32.lib winspool.lib comdlg32.lib advapi32.lib shell32.lib ole32.lib oleaut32.lib uuid.lib odbc32.lib odbccp32.lib kernel32.lib user32.lib gdi32.lib winspool.lib comdlg32.lib advapi32.lib shell32.lib ole32.lib oleaut32.lib uuid.lib odbc32.lib odbccp32.lib /NODEFAULTLIB:LIBCMT /MANIFEST:NO /DEBUG /PDB:"C:\Users\Master\Desktop\SharpView\SharpView_Experiment\Release\SharpView_Experiment.pdb" /OPT:REF /OPT:ICF /LTCG /TLBID:1 /DYNAMICBASE /NXCOMPAT /IMPLIB:"C:\Users\Master\Desktop\SharpView\SharpView_Experiment\Release\SharpView_Experiment.lib" /MACHINE:X86 Release\SharpView_Experiment.obj
         Generating code
         Finished generating code
     1>GLSL.lib(glsl.obj) : warning LNK4204: 'C:\Users\Master\Desktop\SharpView\SharpView_Experiment\Release\vc100.pdb' is missing debugging information for referencing module; linking object as if no debug info
     1>glui32.lib(glui.obj) : warning LNK4204: 'C:\Users\Master\Desktop\SharpView\SharpView_Experiment\Release\vc100.pdb' is missing debugging information for referencing module; linking object as if no debug info
     1>glui32.lib(glui_bitmap_img_data.obj) : warning LNK4204: 'C:\Users\Master\Desktop\SharpView\SharpView_Experiment\Release\vc100.pdb' is missing debugging information for referencing module; linking object as if no debug info
     1>glui32.lib(glui_bitmaps.obj) : warning LNK4204: 'C:\Users\Master\Desktop\SharpView\SharpView_Experiment\Release\vc100.pdb' is missing debugging information for referencing module; linking object as if no debug info
     1>glui32.lib(glui_button.obj) : warning LNK4204: 'C:\Users\Master\Desktop\SharpView\SharpView_Experiment\Release\vc100.pdb' is missing debugging information for referencing module; linking object as if no debug info
     1>glui32.lib(glui_checkbox.obj) : warning LNK4204: 'C:\Users\Master\Desktop\SharpView\SharpView_Experiment\Release\vc100.pdb' is missing debugging information for referencing module; linking object as if no debug info
     1>glui32.lib(glui_column.obj) : warning LNK4204: 'C:\Users\Master\Desktop\SharpView\SharpView_Experiment\Release\vc100.pdb' is missing debugging information for referencing module; linking object as if no debug info
     1>glui32.lib(glui_control.obj) : warning LNK4204: 'C:\Users\Master\Desktop\SharpView\SharpView_Experiment\Release\vc100.pdb' is missing debugging information for referencing module; linking object as if no debug info
     1>glui32.lib(glui_edittext.obj) : warning LNK4204: 'C:\Users\Master\Desktop\SharpView\SharpView_Experiment\Release\vc100.pdb' is missing debugging information for referencing module; linking object as if no debug info
     1>glui32.lib(glui_filebrowser.obj) : warning LNK4204: 'C:\Users\Master\Desktop\SharpView\SharpView_Experiment\Release\vc100.pdb' is missing debugging information for referencing module; linking object as if no debug info
     1>glui32.lib(glui_list.obj) : warning LNK4204: 'C:\Users\Master\Desktop\SharpView\SharpView_Experiment\Release\vc100.pdb' is missing debugging information for referencing module; linking object as if no debug info
     1>glui32.lib(glui_node.obj) : warning LNK4204: 'C:\Users\Master\Desktop\SharpView\SharpView_Experiment\Release\vc100.pdb' is missing debugging information for referencing module; linking object as if no debug info
     1>glui32.lib(glui_panel.obj) : warning LNK4204: 'C:\Users\Master\Desktop\SharpView\SharpView_Experiment\Release\vc100.pdb' is missing debugging information for referencing module; linking object as if no debug info
     1>glui32.lib(glui_scrollbar.obj) : warning LNK4204: 'C:\Users\Master\Desktop\SharpView\SharpView_Experiment\Release\vc100.pdb' is missing debugging information for referencing module; linking object as if no debug info
     1>glui32.lib(glui_spinner.obj) : warning LNK4204: 'C:\Users\Master\Desktop\SharpView\SharpView_Experiment\Release\vc100.pdb' is missing debugging information for referencing module; linking object as if no debug info
     1>glui32.lib(glui_statictext.obj) : warning LNK4204: 'C:\Users\Master\Desktop\SharpView\SharpView_Experiment\Release\vc100.pdb' is missing debugging information for referencing module; linking object as if no debug info
     1>glui32.lib(glui_string.obj) : warning LNK4204: 'C:\Users\Master\Desktop\SharpView\SharpView_Experiment\Release\vc100.pdb' is missing debugging information for referencing module; linking object as if no debug info
     1>glui32.lib(glui_window.obj) : warning LNK4204: 'C:\Users\Master\Desktop\SharpView\SharpView_Experiment\Release\vc100.pdb' is missing debugging information for referencing module; linking object as if no debug info
     1>glew32s.lib(glew.obj) : warning LNK4204: 'C:\Users\Master\Desktop\SharpView\SharpView_Experiment\Release\vc100.pdb' is missing debugging information for referencing module; linking object as if no debug info
         SharpView_Experiment.vcxproj -> C:\Users\Master\Desktop\SharpView\SharpView_Experiment\Release\SharpView_Experiment.exe
       FinalizeBuildStatus:
         Deleting file "Release\SharpView_Experiment.unsuccessfulbuild".
         Touching "Release\SharpView_Experiment.lastbuildstate".
     1>Done Building Project "C:\Users\Master\Desktop\SharpView\SharpView_Experiment\SharpView_Experiment.vcxproj" (build target(s)).

Build succeeded.

Time Elapsed 00:00:02.64
